<?xml version="1.0" encoding="UTF-8"?>
<testsuite name="Cucumber" time="3.492" tests="1" skipped="0" failures="1" errors="0">
<testcase classname="Validating the Google Place APIs" name="Verify if Delete Place functionality is working" time="3.299">
<failure type="java.lang.NullPointerException" message="Cannot invoke &quot;io.restassured.specification.ResponseSpecification.validate(io.restassured.response.Response)&quot; because &quot;responseSpecification&quot; is null">
<![CDATA[java.lang.NullPointerException: Cannot invoke "io.restassured.specification.ResponseSpecification.validate(io.restassured.response.Response)" because "responseSpecification" is null
	at io.restassured.internal.ValidatableResponseOptionsImpl.spec(ValidatableResponseOptionsImpl.java:288)
	at stepDefinitions.stepDefinition.user_calls_with_post_http_request(stepDefinition.java:77)
	at ✽.user calls "deletePlaceAPI" with "POST" http request(file:///C:/Users/Harji/eclipse-workspace-new/CucumberBDD/src/test/java/features/Login.feature:24)
]]>
</failure>
<system-out><![CDATA[
Given deletePalce Payload...................................................passed
When user calls "deletePlaceAPI" with "POST" http request...................failed
Then the API call got success with status code 200..........................skipped
And "status" in response body is "OK".......................................skipped
]]></system-out>
</testcase>
</testsuite>
